<?xml version="1.0" encoding="UTF-8"?>
<!-- Generated by org.testng.reporters.JUnitReportReporter -->
<testsuite hostname="Hassan-Ka" failures="0" tests="1" name="testCases.BaseClass" time="5.105" errors="0" timestamp="2023-09-25T17:59:41 EDT" skipped="0">
  <testcase classname="testCases.BaseClass" name="setup" time="5.105"/>
  <system-out/>
</testsuite> <!-- testCases.BaseClass -->
