<?xml version="1.0" encoding="UTF-8"?>
<!-- Generated by org.testng.reporters.JUnitReportReporter -->
<testsuite hostname="Hassan-Ka" failures="0" tests="3" name="testCases.LoginTest" time="30.082" errors="0" timestamp="2023-04-30T22:09:54 EDT" skipped="0">
  <testcase classname="testCases.LoginTest" name="loginTestWithValidCredntials" time="8.553"/>
  <system-out/>
  <testcase classname="testCases.LoginTest" name="loginTestWithInvalidEmail" time="13.552"/>
  <system-out/>
  <testcase classname="testCases.LoginTest" name="loginTestWithInvalidPassword" time="7.977"/>
  <system-out/>
</testsuite> <!-- testCases.LoginTest -->
