<?xml version="1.0" encoding="UTF-8"?>
<!-- Generated by org.testng.reporters.JUnitReportReporter -->
<testsuite hostname="Hassan-Ka" failures="0" tests="1" name="testCases.BaseClass" time="7.392" errors="0" timestamp="2023-04-26T23:00:47 EDT" skipped="0">
  <testcase classname="testCases.BaseClass" name="setup" time="7.392"/>
  <system-out/>
</testsuite> <!-- testCases.BaseClass -->
