<?xml version="1.0" encoding="UTF-8"?>
<!-- Generated by org.testng.reporters.JUnitReportReporter -->
<testsuite hostname="Hassan-Ka" failures="0" tests="1" name="testCases.SearchTest" time="5.870" errors="0" timestamp="2023-09-28T20:38:01 EDT" skipped="0">
  <testcase classname="testCases.SearchTest" name="VerifyingSearchFunction" time="5.870"/>
  <system-out/>
</testsuite> <!-- testCases.SearchTest -->
