<?xml version="1.0" encoding="UTF-8"?>
<!-- Generated by org.testng.reporters.JUnitReportReporter -->
<testsuite hostname="Hassan-Ka" failures="0" tests="1" name="testCases.SearchTest" time="7.405" errors="0" timestamp="2023-04-30T22:09:54 EDT" skipped="0">
  <testcase classname="testCases.SearchTest" name="VerifyingSearchFunction" time="7.405"/>
  <system-out/>
</testsuite> <!-- testCases.SearchTest -->
