<?xml version="1.0" encoding="UTF-8"?>
<!-- Generated by org.testng.reporters.JUnitReportReporter -->
<testsuite hostname="Hassan-Ka" failures="0" tests="1" name="testCases.ResisrationTest" time="12.915" errors="0" timestamp="2023-04-30T22:09:54 EDT" skipped="0">
  <testcase classname="testCases.ResisrationTest" name="registarationTestWithValidCredentials" time="12.915"/>
  <system-out/>
</testsuite> <!-- testCases.ResisrationTest -->
