<?xml version="1.0" encoding="UTF-8"?>
<!-- Generated by org.testng.reporters.JUnitReportReporter -->
<testsuite hostname="Hassan-Ka" failures="0" tests="1" name="testCases.ResisrationTest" time="7.391" errors="0" timestamp="2023-09-28T20:38:01 EDT" skipped="0">
  <testcase classname="testCases.ResisrationTest" name="registarationTestWithValidCredentials" time="7.391"/>
  <system-out/>
</testsuite> <!-- testCases.ResisrationTest -->
