<?xml version="1.0" encoding="UTF-8"?>
<!-- Generated by org.testng.reporters.JUnitReportReporter -->
<testsuite hostname="Hassan-Ka" failures="0" tests="3" name="testCases.LoginTest" time="34.603" errors="0" timestamp="2023-09-28T20:51:40 EDT" skipped="0">
  <testcase classname="testCases.LoginTest" name="loginTestWithValidCredntials" time="15.417"/>
  <system-out/>
  <testcase classname="testCases.LoginTest" name="loginTestWithInvalidEmail" time="12.676"/>
  <system-out/>
  <testcase classname="testCases.LoginTest" name="loginTestWithInvalidPassword" time="6.510"/>
  <system-out/>
</testsuite> <!-- testCases.LoginTest -->
