<?xml version="1.0" encoding="UTF-8"?>
<!-- Generated by org.testng.reporters.JUnitReportReporter -->
<testsuite hostname="Hassan-Ka" failures="0" tests="1" name="testCases.ResisrationTest" time="9.530" errors="0" timestamp="2023-09-28T21:54:04 EDT" skipped="0">
  <testcase classname="testCases.ResisrationTest" name="registarationTestWithValidCredentials" time="9.530"/>
  <system-out/>
</testsuite> <!-- testCases.ResisrationTest -->
