<?xml version="1.0" encoding="UTF-8"?>
<!-- Generated by org.testng.reporters.JUnitReportReporter -->
<testsuite hostname="Hassan-Ka" failures="0" tests="3" name="testCases.LoginTest" time="16.137" errors="0" timestamp="2023-09-29T10:25:22 EDT" skipped="0">
  <testcase classname="testCases.LoginTest" name="loginTestWithValidCredntials" time="5.279"/>
  <system-out/>
  <testcase classname="testCases.LoginTest" name="loginTestWithInvalidEmail" time="4.748"/>
  <system-out/>
  <testcase classname="testCases.LoginTest" name="loginTestWithInvalidPassword" time="6.110"/>
  <system-out/>
</testsuite> <!-- testCases.LoginTest -->
