<?xml version="1.0" encoding="UTF-8"?>
<!-- Generated by org.testng.reporters.JUnitReportReporter -->
<testsuite hostname="Hassan-Ka" failures="0" tests="3" name="testCases.LoginTest" time="26.066" errors="0" timestamp="2023-05-01T19:32:22 EDT" skipped="0">
  <testcase classname="testCases.LoginTest" name="loginTestWithValidCredntials" time="8.819"/>
  <system-out/>
  <testcase classname="testCases.LoginTest" name="loginTestWithInvalidEmail" time="5.971"/>
  <system-out/>
  <testcase classname="testCases.LoginTest" name="loginTestWithInvalidPassword" time="11.276"/>
  <system-out/>
</testsuite> <!-- testCases.LoginTest -->
