<?xml version="1.0" encoding="UTF-8"?>
<!-- Generated by org.testng.reporters.JUnitReportReporter -->
<testsuite hostname="Hassan-Ka" failures="0" tests="1" name="testCases.SearchTest" time="8.360" errors="0" timestamp="2023-09-29T10:25:22 EDT" skipped="0">
  <testcase classname="testCases.SearchTest" name="VerifyingSearchFunction" time="8.360"/>
  <system-out/>
</testsuite> <!-- testCases.SearchTest -->
