<?xml version="1.0" encoding="UTF-8"?>
<!-- Generated by org.testng.reporters.JUnitReportReporter -->
<testsuite hostname="Hassan-Ka" failures="0" tests="3" name="testCases.LoginTest" time="27.174" errors="0" timestamp="2023-09-28T21:54:04 EDT" skipped="0">
  <testcase classname="testCases.LoginTest" name="loginTestWithValidCredntials" time="10.300"/>
  <system-out/>
  <testcase classname="testCases.LoginTest" name="loginTestWithInvalidEmail" time="8.581"/>
  <system-out/>
  <testcase classname="testCases.LoginTest" name="loginTestWithInvalidPassword" time="8.293"/>
  <system-out/>
</testsuite> <!-- testCases.LoginTest -->
