<?xml version="1.0" encoding="UTF-8"?>
<!-- Generated by org.testng.reporters.JUnitReportReporter -->
<testsuite hostname="Hassan-Ka" failures="0" tests="1" name="testCases.ResisrationTest" time="8.768" errors="0" timestamp="2023-05-01T19:32:22 EDT" skipped="0">
  <testcase classname="testCases.ResisrationTest" name="registarationTestWithValidCredentials" time="8.768"/>
  <system-out/>
</testsuite> <!-- testCases.ResisrationTest -->
